<?xml version="1.0" encoding="utf-8"?>
<TestRun id="db219db8-b84b-4b6b-b57f-822944e68306" name="@DESKTOP-0LNKDEB 2025-12-03 19:38:10" xmlns="http://microsoft.com/schemas/VisualStudio/TeamTest/2010">
  <Times creation="2025-12-03T19:38:11.0204560+09:00" queuing="2025-12-03T19:38:11.0204560+09:00" start="2025-12-03T19:37:57.5862022+09:00" finish="2025-12-03T19:39:02.8349833+09:00" />
  <TestSettings name="default" id="f9d5445e-878d-4144-8aa4-3a5d18fde062">
    <Deployment runDeploymentRoot="_DESKTOP-0LNKDEB_2025-12-03_19_38_10" />
  </TestSettings>
  <Results>
    <UnitTestResult executionId="a1cc3b83-ddc2-4822-8de5-8f5318811f8f" testId="aa2bad13-a984-720e-17b2-8e6e5aa91032" testName="Comments_Section_Should_Be_Visible" computerName="DESKTOP-0LNKDEB" duration="00:00:03.3756890" startTime="2025-12-03T19:38:16.4485773+09:00" endTime="2025-12-03T19:38:19.8242657+09:00" testType="13cdc9d9-ddb5-4fa4-a97d-d965ccfc6d4b" outcome="Passed" testListId="8c84fa94-04c1-424b-9868-57a2d4851a1d" relativeResultsDirectory="a1cc3b83-ddc2-4822-8de5-8f5318811f8f">
      <Output>
        <StdOut>Comments header: # Comments (0)
                    Use 'comment "your message"' to add a comment</StdOut>
      </Output>
    </UnitTestResult>
    <UnitTestResult executionId="d9ca991a-c84e-4512-927d-308738831d5d" testId="fb919f75-6c30-8499-dc6e-9f6a65d56c70" testName="Cd_Command_Should_Navigate_To_About" computerName="DESKTOP-0LNKDEB" duration="00:00:41.6032490" startTime="2025-12-03T19:37:59.1325876+09:00" endTime="2025-12-03T19:38:40.7438754+09:00" testType="13cdc9d9-ddb5-4fa4-a97d-d965ccfc6d4b" outcome="Failed" testListId="8c84fa94-04c1-424b-9868-57a2d4851a1d" relativeResultsDirectory="d9ca991a-c84e-4512-927d-308738831d5d">
      <Output>
        <ErrorInfo>
          <Message>System.TimeoutException : Timeout 30000ms exceeded.
=========================== logs ===========================
waiting for navigation to "http://localhost:5050/about" until "Load"
============================================================
  ----&gt; System.TimeoutException : Timeout 30000ms exceeded.</Message>
          <StackTrace>   at Microsoft.Playwright.Core.Waiter.WaitForPromiseAsync[T](Task`1 task, Action dispose) in /_/src/Playwright/Core/Waiter.cs:line 226
   at Microsoft.Playwright.Core.Frame.WaitForNavigationInternalAsync(Waiter waiter, String urlString, Func`2 urlFunc, Regex urlRegex, Nullable`1 waitUntil) in /_/src/Playwright/Core/Frame.cs:line 321
   at Microsoft.Playwright.Core.Frame.RunAndWaitForNavigationAsync(Func`1 action, FrameRunAndWaitForNavigationOptions options) in /_/src/Playwright/Core/Frame.cs:line 285
   at Portfolio.Tests.TerminalCommandTests.Cd_Command_Should_Navigate_To_About() in /mnt/c/dev/HyunjoJung/Portfolio.Tests/TerminalCommandTests.cs:line 79
   at NUnit.Framework.Internal.TaskAwaitAdapter.GenericAdapter`1.BlockUntilCompleted()
   at NUnit.Framework.Internal.MessagePumpStrategy.NoMessagePumpStrategy.WaitForCompletion(AwaitAdapter awaiter)
   at NUnit.Framework.Internal.AsyncToSyncAdapter.Await[TResult](TestExecutionContext context, Func`1 invoke)
   at NUnit.Framework.Internal.AsyncToSyncAdapter.Await(TestExecutionContext context, Func`1 invoke)
   at NUnit.Framework.Internal.Commands.TestMethodCommand.RunTestMethod(TestExecutionContext context)
   at NUnit.Framework.Internal.Commands.TestMethodCommand.Execute(TestExecutionContext context)
   at NUnit.Framework.Internal.Commands.BeforeAndAfterTestCommand.&lt;&gt;c__DisplayClass1_0.&lt;Execute&gt;b__0()
   at NUnit.Framework.Internal.Commands.DelegatingTestCommand.RunTestMethodInThreadAbortSafeZone(TestExecutionContext context, Action action)
--TimeoutException
   at Microsoft.Playwright.Helpers.TaskHelper.&lt;&gt;c__DisplayClass2_0.&lt;WithTimeout&gt;b__0() in /_/src/Playwright/Helpers/TaskHelper.cs:line 72
   at Microsoft.Playwright.Helpers.TaskHelper.WithTimeout(Task task, Func`1 timeoutAction, TimeSpan timeout, CancellationToken cancellationToken) in /_/src/Playwright/Helpers/TaskHelper.cs:line 108
   at Microsoft.Playwright.Core.Waiter.WaitForPromiseAsync[T](Task`1 task, Action dispose) in /_/src/Playwright/Core/Waiter.cs:line 218
1)    at Microsoft.Playwright.Core.Waiter.WaitForPromiseAsync[T](Task`1 task, Action dispose) in /_/src/Playwright/Core/Waiter.cs:line 226
   at Microsoft.Playwright.Core.Frame.WaitForNavigationInternalAsync(Waiter waiter, String urlString, Func`2 urlFunc, Regex urlRegex, Nullable`1 waitUntil) in /_/src/Playwright/Core/Frame.cs:line 321
   at Microsoft.Playwright.Core.Frame.RunAndWaitForNavigationAsync(Func`1 action, FrameRunAndWaitForNavigationOptions options) in /_/src/Playwright/Core/Frame.cs:line 285
   at Portfolio.Tests.TerminalCommandTests.Cd_Command_Should_Navigate_To_About() in /mnt/c/dev/HyunjoJung/Portfolio.Tests/TerminalCommandTests.cs:line 79
   at NUnit.Framework.Internal.TaskAwaitAdapter.GenericAdapter`1.BlockUntilCompleted()
   at NUnit.Framework.Internal.MessagePumpStrategy.NoMessagePumpStrategy.WaitForCompletion(AwaitAdapter awaiter)
   at NUnit.Framework.Internal.AsyncToSyncAdapter.Await[TResult](TestExecutionContext context, Func`1 invoke)
   at NUnit.Framework.Internal.AsyncToSyncAdapter.Await(TestExecutionContext context, Func`1 invoke)
   at NUnit.Framework.Internal.Commands.TestMethodCommand.RunTestMethod(TestExecutionContext context)
   at NUnit.Framework.Internal.Commands.TestMethodCommand.Execute(TestExecutionContext context)
   at NUnit.Framework.Internal.Commands.BeforeAndAfterTestCommand.&lt;&gt;c__DisplayClass1_0.&lt;Execute&gt;b__0()
   at NUnit.Framework.Internal.Commands.DelegatingTestCommand.RunTestMethodInThreadAbortSafeZone(TestExecutionContext context, Action action)
--TimeoutException
   at Microsoft.Playwright.Helpers.TaskHelper.&lt;&gt;c__DisplayClass2_0.&lt;WithTimeout&gt;b__0() in /_/src/Playwright/Helpers/TaskHelper.cs:line 72
   at Microsoft.Playwright.Helpers.TaskHelper.WithTimeout(Task task, Func`1 timeoutAction, TimeSpan timeout, CancellationToken cancellationToken) in /_/src/Playwright/Helpers/TaskHelper.cs:line 108
   at Microsoft.Playwright.Core.Waiter.WaitForPromiseAsync[T](Task`1 task, Action dispose) in /_/src/Playwright/Core/Waiter.cs:line 218
</StackTrace>
        </ErrorInfo>
      </Output>
    </UnitTestResult>
    <UnitTestResult executionId="b1c3feb1-ed1f-4b82-966a-7dceff345656" testId="4cd9ba9e-16c0-395c-c339-bb255f76b729" testName="Help_Command_Should_Display_All_Commands" computerName="DESKTOP-0LNKDEB" duration="00:00:03.4179020" startTime="2025-12-03T19:38:47.4958304+09:00" endTime="2025-12-03T19:38:50.9137318+09:00" testType="13cdc9d9-ddb5-4fa4-a97d-d965ccfc6d4b" outcome="Passed" testListId="8c84fa94-04c1-424b-9868-57a2d4851a1d" relativeResultsDirectory="b1c3feb1-ed1f-4b82-966a-7dceff345656">
      <Output>
        <StdOut>Help text length: 1406</StdOut>
      </Output>
    </UnitTestResult>
    <UnitTestResult executionId="52b0c536-89fe-4470-82c5-a30f6147323f" testId="15783fc3-b9cd-6a61-3c00-d2535810fbd0" testName="Terminal_Help_Command_Should_Show_Login_Info" computerName="DESKTOP-0LNKDEB" duration="00:00:03.6789360" startTime="2025-12-03T19:38:10.8811512+09:00" endTime="2025-12-03T19:38:14.5600894+09:00" testType="13cdc9d9-ddb5-4fa4-a97d-d965ccfc6d4b" outcome="Passed" testListId="8c84fa94-04c1-424b-9868-57a2d4851a1d" relativeResultsDirectory="52b0c536-89fe-4470-82c5-a30f6147323f">
      <Output>
        <StdOut>Help output: Available commands:
─────────────────────────────────────────────────────────
  Navigation:
    cd [path]         - Navigate to a page (blog, about, /)
    cd ..             - Go to parent directory
    cd ../about       - Relative path navigation
    cd ../../about    - Multi-level relative paths
    ls [path]         - List posts or comments
    pwd               - Show current location
    cat &lt;post-slug&gt;   - Read a blog post

  Search &amp; Filter:
    grep &lt;query&gt;      - Search blog posts

  Authentication:
    login github      - Login with GitHub OAuth
    logout            - Logout from current session
    whoami            - Show current user info

  Comments:
    comment "text"    - Post a comment (requires login)

  GitHub:
    issue [number]    - List open issues or view specific issue
    star              - Star this repository
    discuss           - Open GitHub Discussions (post-specific in blog)

  System:
    help              - Show this message
    clear / cls       - Clear terminal screen
    exit / quit       - Return to homepage
─────────────────────────────────────────────────────────
Examples:
  $ cd blog
  $ ls
  $ cat my-first-post
  $ cd ..             # Go back to blog
  $ cd ../about       # From blog to about
  $ cd ../blog        # From about to blog
  $ cd ../../about    # From post to about
  $ grep "blazor"
  $ login github
  $ comment "Great article!"</StdOut>
      </Output>
    </UnitTestResult>
    <UnitTestResult executionId="cae1a29f-814a-4b25-be94-3bff6c1a0b68" testId="7c512480-12d5-7a83-e915-8eff9f81846a" testName="Terminal_Login_Command_Should_Redirect_To_GitHub" computerName="DESKTOP-0LNKDEB" duration="00:00:04.7471400" startTime="2025-12-03T19:38:14.5614116+09:00" endTime="2025-12-03T19:38:19.3085525+09:00" testType="13cdc9d9-ddb5-4fa4-a97d-d965ccfc6d4b" outcome="Passed" testListId="8c84fa94-04c1-424b-9868-57a2d4851a1d" relativeResultsDirectory="cae1a29f-814a-4b25-be94-3bff6c1a0b68">
      <Output>
        <StdOut>Current URL after login command: http://localhost:5050/login</StdOut>
      </Output>
    </UnitTestResult>
    <UnitTestResult executionId="9417af01-0dc5-431d-9560-432974ed833f" testId="12f2b850-ccc1-0015-fc2e-4199188def32" testName="Direct_Login_Endpoint_Should_Redirect_To_GitHub" computerName="DESKTOP-0LNKDEB" duration="00:00:11.7390610" startTime="2025-12-03T19:37:59.1325888+09:00" endTime="2025-12-03T19:38:10.8744314+09:00" testType="13cdc9d9-ddb5-4fa4-a97d-d965ccfc6d4b" outcome="Passed" testListId="8c84fa94-04c1-424b-9868-57a2d4851a1d" relativeResultsDirectory="9417af01-0dc5-431d-9560-432974ed833f">
      <Output>
        <StdOut>URL after /login: https://github.com/login?client_id=Ov23liCQ7qgZEvKfT9EV&amp;return_to=%2Flogin%2Foauth%2Fauthorize%3Fclient_id%3DOv23liCQ7qgZEvKfT9EV%26redirect_uri%3Dhttp%253A%252F%252Flocalhost%253A5050%252Fsignin-github%26response_type%3Dcode%26scope%3Duser%253Aemail%26state%3DCfDJ8PCDHhjGmMpChO_Vgc79p5PFz0ob-IpQ18crjFYFCaR1xEyzK55YLMOAfdJxmUI-DnPd7N7kCnsQN9cvFgoAYs7DC7yehj6P0_tjaKXZ3soH7kWJ5Vv1iXGkGqNiVRqvRiJ6r4AGT2ZL4nN247byz3cgmFEB4LKsiRpInRHtjxvzi6qsqo7ft-PvlR4LPjQnxDHbH5cgCONnPacfGuxwF_o</StdOut>
      </Output>
    </UnitTestResult>
    <UnitTestResult executionId="655ffbbb-5535-45c1-b9ec-9069ca84de71" testId="02a6cfde-bd26-8619-4f5d-f93ca2b7d45b" testName="Whoami_Command_Should_Show_Anonymous" computerName="DESKTOP-0LNKDEB" duration="00:00:04.4426780" startTime="2025-12-03T19:38:19.3087052+09:00" endTime="2025-12-03T19:38:23.7513830+09:00" testType="13cdc9d9-ddb5-4fa4-a97d-d965ccfc6d4b" outcome="Passed" testListId="8c84fa94-04c1-424b-9868-57a2d4851a1d" relativeResultsDirectory="655ffbbb-5535-45c1-b9ec-9069ca84de71">
      <Output>
        <StdOut>whoami output: anonymous@guest (not authenticated)
Type 'login github' to authenticate</StdOut>
      </Output>
    </UnitTestResult>
    <UnitTestResult executionId="243dc975-a298-4812-8c45-fd6eb1408122" testId="294a54e0-8f32-bd7d-019b-b7474d1f781b" testName="Comment_Without_Login_Should_Show_Auth_Required_Message" computerName="DESKTOP-0LNKDEB" duration="00:00:04.4345560" startTime="2025-12-03T19:38:12.0139309+09:00" endTime="2025-12-03T19:38:16.4484866+09:00" testType="13cdc9d9-ddb5-4fa4-a97d-d965ccfc6d4b" outcome="Passed" testListId="8c84fa94-04c1-424b-9868-57a2d4851a1d" relativeResultsDirectory="243dc975-a298-4812-8c45-fd6eb1408122">
      <Output>
        <StdOut>Comment output: Error: Authentication required to post comments.
Type 'login github' to authenticate.</StdOut>
      </Output>
    </UnitTestResult>
    <UnitTestResult executionId="6397caf9-2bab-48bb-a647-8dc451127c06" testId="57506f1c-daba-3863-f51d-860ec9f794de" testName="Pwd_Command_Should_Show_Current_Path" computerName="DESKTOP-0LNKDEB" duration="00:00:03.8981610" startTime="2025-12-03T19:38:58.7246556+09:00" endTime="2025-12-03T19:39:02.6228165+09:00" testType="13cdc9d9-ddb5-4fa4-a97d-d965ccfc6d4b" outcome="Passed" testListId="8c84fa94-04c1-424b-9868-57a2d4851a1d" relativeResultsDirectory="6397caf9-2bab-48bb-a647-8dc451127c06">
      <Output>
        <StdOut>pwd output: /about</StdOut>
      </Output>
    </UnitTestResult>
    <UnitTestResult executionId="a3f11bdf-c5a8-470f-8095-4212c0b06407" testId="2087d699-4bbe-0a3d-ca93-3d5424f84168" testName="Terminal_Input_Placeholder_Should_Show_Comment_Hint" computerName="DESKTOP-0LNKDEB" duration="00:00:03.2795280" startTime="2025-12-03T19:38:19.8261541+09:00" endTime="2025-12-03T19:38:23.1056822+09:00" testType="13cdc9d9-ddb5-4fa4-a97d-d965ccfc6d4b" outcome="Passed" testListId="8c84fa94-04c1-424b-9868-57a2d4851a1d" relativeResultsDirectory="a3f11bdf-c5a8-470f-8095-4212c0b06407">
      <Output>
        <StdOut>Placeholder: Type "comment &amp;quot;your message&amp;quot;" or "help"...</StdOut>
      </Output>
    </UnitTestResult>
    <UnitTestResult executionId="41edd950-ec82-4655-81a2-4e31421aff27" testId="cdb5b15a-041f-dddb-2a2f-b105da1c3ca1" testName="Comment_Command_Should_Show_In_Help" computerName="DESKTOP-0LNKDEB" duration="00:00:12.8783060" startTime="2025-12-03T19:37:59.1325978+09:00" endTime="2025-12-03T19:38:12.0138351+09:00" testType="13cdc9d9-ddb5-4fa4-a97d-d965ccfc6d4b" outcome="Passed" testListId="8c84fa94-04c1-424b-9868-57a2d4851a1d" relativeResultsDirectory="41edd950-ec82-4655-81a2-4e31421aff27">
      <Output>
        <StdOut>Help output length: 1406</StdOut>
      </Output>
    </UnitTestResult>
    <UnitTestResult executionId="c98d2ec1-1156-4dc3-ba4d-876695141001" testId="647ee4f4-a9a6-1870-2a90-afda36996193" testName="Ls_Command_Should_List_Directory" computerName="DESKTOP-0LNKDEB" duration="00:00:03.8552080" startTime="2025-12-03T19:38:54.8617471+09:00" endTime="2025-12-03T19:38:58.7169549+09:00" testType="13cdc9d9-ddb5-4fa4-a97d-d965ccfc6d4b" outcome="Passed" testListId="8c84fa94-04c1-424b-9868-57a2d4851a1d" relativeResultsDirectory="c98d2ec1-1156-4dc3-ba4d-876695141001">
      <Output>
        <StdOut>ls output: total 3
drwxr-xr-x  2 hyunjo dev 4096 Dec  2 10:30 blog/
-rw-r--r--  1 hyunjo dev 1234 Dec  2 10:30 about.md
-rw-r--r--  1 hyunjo dev  567 Dec  2 10:30 README.md</StdOut>
      </Output>
    </UnitTestResult>
    <UnitTestResult executionId="ef127566-5a0c-47b8-bf17-da31e49517be" testId="b6c26ff4-f0ff-20b9-f468-bcee403430c4" testName="Grep_Command_Should_Search_Posts" computerName="DESKTOP-0LNKDEB" duration="00:00:03.3120310" startTime="2025-12-03T19:38:44.1822646+09:00" endTime="2025-12-03T19:38:47.4942946+09:00" testType="13cdc9d9-ddb5-4fa4-a97d-d965ccfc6d4b" outcome="Passed" testListId="8c84fa94-04c1-424b-9868-57a2d4851a1d" relativeResultsDirectory="ef127566-5a0c-47b8-bf17-da31e49517be">
      <Output>
        <StdOut>grep output: Found 2 match(es) for 'blazor':
─────────────────────────────────────────────────────────
cardmaker-stateless-business-cards.md: CardMaker - Generating Business Cards Without a Database
  Building a stateless business card generator with Excel import, PowerPoint export, and QR code vCards using Blazor Server.
  Tags: Blazor, OpenXML, QR Codes, C#

building-sheetlink-excel-processor.md: Building SheetLink - A Privacy-First Excel Link Processor
  How I built a stateless Excel link extractor with Blazor Server and OpenXML, processing everything in-memory without any database.
  Tags: Blazor, ASP.NET Core, OpenXML, Docker</StdOut>
      </Output>
    </UnitTestResult>
    <UnitTestResult executionId="68b6ee11-c82f-48f9-9e10-5945bb3363d7" testId="c325754d-bb98-33cf-c0b6-5f388beee2a0" testName="Cd_DotDot_From_About_Should_Go_To_Root" computerName="DESKTOP-0LNKDEB" duration="00:00:03.4379140" startTime="2025-12-03T19:38:40.7442418+09:00" endTime="2025-12-03T19:38:44.1821564+09:00" testType="13cdc9d9-ddb5-4fa4-a97d-d965ccfc6d4b" outcome="Passed" testListId="8c84fa94-04c1-424b-9868-57a2d4851a1d" relativeResultsDirectory="68b6ee11-c82f-48f9-9e10-5945bb3363d7">
      <Output>
        <StdOut>URL after 'cd ..': http://localhost:5050/</StdOut>
      </Output>
    </UnitTestResult>
    <UnitTestResult executionId="b6603ed9-b368-40f1-8298-05fd05f83ec2" testId="7c5d3184-8447-7bfe-e28c-0597f1b49a18" testName="Ls_Al_Command_Should_Show_Hidden_Files" computerName="DESKTOP-0LNKDEB" duration="00:00:03.9472040" startTime="2025-12-03T19:38:50.9138125+09:00" endTime="2025-12-03T19:38:54.8610161+09:00" testType="13cdc9d9-ddb5-4fa4-a97d-d965ccfc6d4b" outcome="Passed" testListId="8c84fa94-04c1-424b-9868-57a2d4851a1d" relativeResultsDirectory="b6603ed9-b368-40f1-8298-05fd05f83ec2">
      <Output>
        <StdOut>ls -al output: total 12
drwxr-xr-x  3 hyunjo dev 4096 Dec  3 09:00 .
drwxr-xr-x 18 root   root 4096 Dec  2 10:00 ..
drwxr-xr-x  2 hyunjo dev 4096 Dec  2 10:30 blog/
-rw-r--r--  1 hyunjo dev 1234 Dec  2 10:30 about.md
-rw-r--r--  1 hyunjo dev  567 Dec  2 10:30 README.md</StdOut>
      </Output>
    </UnitTestResult>
  </Results>
  <TestDefinitions>
    <UnitTest name="Terminal_Input_Placeholder_Should_Show_Comment_Hint" storage="/mnt/c/dev/hyunjojung/portfolio.tests/bin/debug/net10.0/portfolio.tests.dll" id="2087d699-4bbe-0a3d-ca93-3d5424f84168">
      <Execution id="a3f11bdf-c5a8-470f-8095-4212c0b06407" />
      <TestMethod codeBase="/mnt/c/dev/HyunjoJung/Portfolio.Tests/bin/Debug/net10.0/Portfolio.Tests.dll" adapterTypeName="executor://nunit3testexecutor/" className="Portfolio.Tests.CommentTests" name="Terminal_Input_Placeholder_Should_Show_Comment_Hint" />
    </UnitTest>
    <UnitTest name="Whoami_Command_Should_Show_Anonymous" storage="/mnt/c/dev/hyunjojung/portfolio.tests/bin/debug/net10.0/portfolio.tests.dll" id="02a6cfde-bd26-8619-4f5d-f93ca2b7d45b">
      <Execution id="655ffbbb-5535-45c1-b9ec-9069ca84de71" />
      <TestMethod codeBase="/mnt/c/dev/HyunjoJung/Portfolio.Tests/bin/Debug/net10.0/Portfolio.Tests.dll" adapterTypeName="executor://nunit3testexecutor/" className="Portfolio.Tests.LoginTests" name="Whoami_Command_Should_Show_Anonymous" />
    </UnitTest>
    <UnitTest name="Comment_Command_Should_Show_In_Help" storage="/mnt/c/dev/hyunjojung/portfolio.tests/bin/debug/net10.0/portfolio.tests.dll" id="cdb5b15a-041f-dddb-2a2f-b105da1c3ca1">
      <Execution id="41edd950-ec82-4655-81a2-4e31421aff27" />
      <TestMethod codeBase="/mnt/c/dev/HyunjoJung/Portfolio.Tests/bin/Debug/net10.0/Portfolio.Tests.dll" adapterTypeName="executor://nunit3testexecutor/" className="Portfolio.Tests.CommentTests" name="Comment_Command_Should_Show_In_Help" />
    </UnitTest>
    <UnitTest name="Comment_Without_Login_Should_Show_Auth_Required_Message" storage="/mnt/c/dev/hyunjojung/portfolio.tests/bin/debug/net10.0/portfolio.tests.dll" id="294a54e0-8f32-bd7d-019b-b7474d1f781b">
      <Execution id="243dc975-a298-4812-8c45-fd6eb1408122" />
      <TestMethod codeBase="/mnt/c/dev/HyunjoJung/Portfolio.Tests/bin/Debug/net10.0/Portfolio.Tests.dll" adapterTypeName="executor://nunit3testexecutor/" className="Portfolio.Tests.CommentTests" name="Comment_Without_Login_Should_Show_Auth_Required_Message" />
    </UnitTest>
    <UnitTest name="Cd_DotDot_From_About_Should_Go_To_Root" storage="/mnt/c/dev/hyunjojung/portfolio.tests/bin/debug/net10.0/portfolio.tests.dll" id="c325754d-bb98-33cf-c0b6-5f388beee2a0">
      <Execution id="68b6ee11-c82f-48f9-9e10-5945bb3363d7" />
      <TestMethod codeBase="/mnt/c/dev/HyunjoJung/Portfolio.Tests/bin/Debug/net10.0/Portfolio.Tests.dll" adapterTypeName="executor://nunit3testexecutor/" className="Portfolio.Tests.TerminalCommandTests" name="Cd_DotDot_From_About_Should_Go_To_Root" />
    </UnitTest>
    <UnitTest name="Terminal_Help_Command_Should_Show_Login_Info" storage="/mnt/c/dev/hyunjojung/portfolio.tests/bin/debug/net10.0/portfolio.tests.dll" id="15783fc3-b9cd-6a61-3c00-d2535810fbd0">
      <Execution id="52b0c536-89fe-4470-82c5-a30f6147323f" />
      <TestMethod codeBase="/mnt/c/dev/HyunjoJung/Portfolio.Tests/bin/Debug/net10.0/Portfolio.Tests.dll" adapterTypeName="executor://nunit3testexecutor/" className="Portfolio.Tests.LoginTests" name="Terminal_Help_Command_Should_Show_Login_Info" />
    </UnitTest>
    <UnitTest name="Direct_Login_Endpoint_Should_Redirect_To_GitHub" storage="/mnt/c/dev/hyunjojung/portfolio.tests/bin/debug/net10.0/portfolio.tests.dll" id="12f2b850-ccc1-0015-fc2e-4199188def32">
      <Execution id="9417af01-0dc5-431d-9560-432974ed833f" />
      <TestMethod codeBase="/mnt/c/dev/HyunjoJung/Portfolio.Tests/bin/Debug/net10.0/Portfolio.Tests.dll" adapterTypeName="executor://nunit3testexecutor/" className="Portfolio.Tests.LoginTests" name="Direct_Login_Endpoint_Should_Redirect_To_GitHub" />
    </UnitTest>
    <UnitTest name="Grep_Command_Should_Search_Posts" storage="/mnt/c/dev/hyunjojung/portfolio.tests/bin/debug/net10.0/portfolio.tests.dll" id="b6c26ff4-f0ff-20b9-f468-bcee403430c4">
      <Execution id="ef127566-5a0c-47b8-bf17-da31e49517be" />
      <TestMethod codeBase="/mnt/c/dev/HyunjoJung/Portfolio.Tests/bin/Debug/net10.0/Portfolio.Tests.dll" adapterTypeName="executor://nunit3testexecutor/" className="Portfolio.Tests.TerminalCommandTests" name="Grep_Command_Should_Search_Posts" />
    </UnitTest>
    <UnitTest name="Pwd_Command_Should_Show_Current_Path" storage="/mnt/c/dev/hyunjojung/portfolio.tests/bin/debug/net10.0/portfolio.tests.dll" id="57506f1c-daba-3863-f51d-860ec9f794de">
      <Execution id="6397caf9-2bab-48bb-a647-8dc451127c06" />
      <TestMethod codeBase="/mnt/c/dev/HyunjoJung/Portfolio.Tests/bin/Debug/net10.0/Portfolio.Tests.dll" adapterTypeName="executor://nunit3testexecutor/" className="Portfolio.Tests.TerminalCommandTests" name="Pwd_Command_Should_Show_Current_Path" />
    </UnitTest>
    <UnitTest name="Ls_Al_Command_Should_Show_Hidden_Files" storage="/mnt/c/dev/hyunjojung/portfolio.tests/bin/debug/net10.0/portfolio.tests.dll" id="7c5d3184-8447-7bfe-e28c-0597f1b49a18">
      <Execution id="b6603ed9-b368-40f1-8298-05fd05f83ec2" />
      <TestMethod codeBase="/mnt/c/dev/HyunjoJung/Portfolio.Tests/bin/Debug/net10.0/Portfolio.Tests.dll" adapterTypeName="executor://nunit3testexecutor/" className="Portfolio.Tests.TerminalCommandTests" name="Ls_Al_Command_Should_Show_Hidden_Files" />
    </UnitTest>
    <UnitTest name="Terminal_Login_Command_Should_Redirect_To_GitHub" storage="/mnt/c/dev/hyunjojung/portfolio.tests/bin/debug/net10.0/portfolio.tests.dll" id="7c512480-12d5-7a83-e915-8eff9f81846a">
      <Execution id="cae1a29f-814a-4b25-be94-3bff6c1a0b68" />
      <TestMethod codeBase="/mnt/c/dev/HyunjoJung/Portfolio.Tests/bin/Debug/net10.0/Portfolio.Tests.dll" adapterTypeName="executor://nunit3testexecutor/" className="Portfolio.Tests.LoginTests" name="Terminal_Login_Command_Should_Redirect_To_GitHub" />
    </UnitTest>
    <UnitTest name="Cd_Command_Should_Navigate_To_About" storage="/mnt/c/dev/hyunjojung/portfolio.tests/bin/debug/net10.0/portfolio.tests.dll" id="fb919f75-6c30-8499-dc6e-9f6a65d56c70">
      <Execution id="d9ca991a-c84e-4512-927d-308738831d5d" />
      <TestMethod codeBase="/mnt/c/dev/HyunjoJung/Portfolio.Tests/bin/Debug/net10.0/Portfolio.Tests.dll" adapterTypeName="executor://nunit3testexecutor/" className="Portfolio.Tests.TerminalCommandTests" name="Cd_Command_Should_Navigate_To_About" />
    </UnitTest>
    <UnitTest name="Comments_Section_Should_Be_Visible" storage="/mnt/c/dev/hyunjojung/portfolio.tests/bin/debug/net10.0/portfolio.tests.dll" id="aa2bad13-a984-720e-17b2-8e6e5aa91032">
      <Execution id="a1cc3b83-ddc2-4822-8de5-8f5318811f8f" />
      <TestMethod codeBase="/mnt/c/dev/HyunjoJung/Portfolio.Tests/bin/Debug/net10.0/Portfolio.Tests.dll" adapterTypeName="executor://nunit3testexecutor/" className="Portfolio.Tests.CommentTests" name="Comments_Section_Should_Be_Visible" />
    </UnitTest>
    <UnitTest name="Help_Command_Should_Display_All_Commands" storage="/mnt/c/dev/hyunjojung/portfolio.tests/bin/debug/net10.0/portfolio.tests.dll" id="4cd9ba9e-16c0-395c-c339-bb255f76b729">
      <Execution id="b1c3feb1-ed1f-4b82-966a-7dceff345656" />
      <TestMethod codeBase="/mnt/c/dev/HyunjoJung/Portfolio.Tests/bin/Debug/net10.0/Portfolio.Tests.dll" adapterTypeName="executor://nunit3testexecutor/" className="Portfolio.Tests.TerminalCommandTests" name="Help_Command_Should_Display_All_Commands" />
    </UnitTest>
    <UnitTest name="Ls_Command_Should_List_Directory" storage="/mnt/c/dev/hyunjojung/portfolio.tests/bin/debug/net10.0/portfolio.tests.dll" id="647ee4f4-a9a6-1870-2a90-afda36996193">
      <Execution id="c98d2ec1-1156-4dc3-ba4d-876695141001" />
      <TestMethod codeBase="/mnt/c/dev/HyunjoJung/Portfolio.Tests/bin/Debug/net10.0/Portfolio.Tests.dll" adapterTypeName="executor://nunit3testexecutor/" className="Portfolio.Tests.TerminalCommandTests" name="Ls_Command_Should_List_Directory" />
    </UnitTest>
  </TestDefinitions>
  <TestEntries>
    <TestEntry testId="aa2bad13-a984-720e-17b2-8e6e5aa91032" executionId="a1cc3b83-ddc2-4822-8de5-8f5318811f8f" testListId="8c84fa94-04c1-424b-9868-57a2d4851a1d" />
    <TestEntry testId="fb919f75-6c30-8499-dc6e-9f6a65d56c70" executionId="d9ca991a-c84e-4512-927d-308738831d5d" testListId="8c84fa94-04c1-424b-9868-57a2d4851a1d" />
    <TestEntry testId="4cd9ba9e-16c0-395c-c339-bb255f76b729" executionId="b1c3feb1-ed1f-4b82-966a-7dceff345656" testListId="8c84fa94-04c1-424b-9868-57a2d4851a1d" />
    <TestEntry testId="15783fc3-b9cd-6a61-3c00-d2535810fbd0" executionId="52b0c536-89fe-4470-82c5-a30f6147323f" testListId="8c84fa94-04c1-424b-9868-57a2d4851a1d" />
    <TestEntry testId="7c512480-12d5-7a83-e915-8eff9f81846a" executionId="cae1a29f-814a-4b25-be94-3bff6c1a0b68" testListId="8c84fa94-04c1-424b-9868-57a2d4851a1d" />
    <TestEntry testId="12f2b850-ccc1-0015-fc2e-4199188def32" executionId="9417af01-0dc5-431d-9560-432974ed833f" testListId="8c84fa94-04c1-424b-9868-57a2d4851a1d" />
    <TestEntry testId="02a6cfde-bd26-8619-4f5d-f93ca2b7d45b" executionId="655ffbbb-5535-45c1-b9ec-9069ca84de71" testListId="8c84fa94-04c1-424b-9868-57a2d4851a1d" />
    <TestEntry testId="294a54e0-8f32-bd7d-019b-b7474d1f781b" executionId="243dc975-a298-4812-8c45-fd6eb1408122" testListId="8c84fa94-04c1-424b-9868-57a2d4851a1d" />
    <TestEntry testId="57506f1c-daba-3863-f51d-860ec9f794de" executionId="6397caf9-2bab-48bb-a647-8dc451127c06" testListId="8c84fa94-04c1-424b-9868-57a2d4851a1d" />
    <TestEntry testId="2087d699-4bbe-0a3d-ca93-3d5424f84168" executionId="a3f11bdf-c5a8-470f-8095-4212c0b06407" testListId="8c84fa94-04c1-424b-9868-57a2d4851a1d" />
    <TestEntry testId="cdb5b15a-041f-dddb-2a2f-b105da1c3ca1" executionId="41edd950-ec82-4655-81a2-4e31421aff27" testListId="8c84fa94-04c1-424b-9868-57a2d4851a1d" />
    <TestEntry testId="647ee4f4-a9a6-1870-2a90-afda36996193" executionId="c98d2ec1-1156-4dc3-ba4d-876695141001" testListId="8c84fa94-04c1-424b-9868-57a2d4851a1d" />
    <TestEntry testId="b6c26ff4-f0ff-20b9-f468-bcee403430c4" executionId="ef127566-5a0c-47b8-bf17-da31e49517be" testListId="8c84fa94-04c1-424b-9868-57a2d4851a1d" />
    <TestEntry testId="c325754d-bb98-33cf-c0b6-5f388beee2a0" executionId="68b6ee11-c82f-48f9-9e10-5945bb3363d7" testListId="8c84fa94-04c1-424b-9868-57a2d4851a1d" />
    <TestEntry testId="7c5d3184-8447-7bfe-e28c-0597f1b49a18" executionId="b6603ed9-b368-40f1-8298-05fd05f83ec2" testListId="8c84fa94-04c1-424b-9868-57a2d4851a1d" />
  </TestEntries>
  <TestLists>
    <TestList name="Results Not in a List" id="8c84fa94-04c1-424b-9868-57a2d4851a1d" />
    <TestList name="All Loaded Results" id="19431567-8539-422a-85d7-44ee4e166bda" />
  </TestLists>
  <ResultSummary outcome="Failed">
    <Counters total="15" executed="15" passed="14" failed="1" error="0" timeout="0" aborted="0" inconclusive="0" passedButRunAborted="0" notRunnable="0" notExecuted="0" disconnected="0" warning="0" completed="0" inProgress="0" pending="0" />
    <Output>
      <StdOut>NUnit Adapter 5.2.0.0: Test execution started
Running all tests in /mnt/c/dev/HyunjoJung/Portfolio.Tests/bin/Debug/net10.0/Portfolio.Tests.dll
   NUnit3TestExecutor discovered 15 of 15 NUnit test cases using Current Discovery mode, Non-Explicit run
URL after /login: https://github.com/login?client_id=Ov23liCQ7qgZEvKfT9EV&amp;return_to=%2Flogin%2Foauth%2Fauthorize%3Fclient_id%3DOv23liCQ7qgZEvKfT9EV%26redirect_uri%3Dhttp%253A%252F%252Flocalhost%253A5050%252Fsignin-github%26response_type%3Dcode%26scope%3Duser%253Aemail%26state%3DCfDJ8PCDHhjGmMpChO_Vgc79p5PFz0ob-IpQ18crjFYFCaR1xEyzK55YLMOAfdJxmUI-DnPd7N7kCnsQN9cvFgoAYs7DC7yehj6P0_tjaKXZ3soH7kWJ5Vv1iXGkGqNiVRqvRiJ6r4AGT2ZL4nN247byz3cgmFEB4LKsiRpInRHtjxvzi6qsqo7ft-PvlR4LPjQnxDHbH5cgCONnPacfGuxwF_o

Help output length: 1406

Help output: Available commands:
─────────────────────────────────────────────────────────
  Navigation:
    cd [path]         - Navigate to a page (blog, about, /)
    cd ..             - Go to parent directory
    cd ../about       - Relative path navigation
    cd ../../about    - Multi-level relative paths
    ls [path]         - List posts or comments
    pwd               - Show current location
    cat &lt;post-slug&gt;   - Read a blog post

  Search &amp; Filter:
    grep &lt;query&gt;      - Search blog posts

  Authentication:
    login github      - Login with GitHub OAuth
    logout            - Logout from current session
    whoami            - Show current user info

  Comments:
    comment "text"    - Post a comment (requires login)

  GitHub:
    issue [number]    - List open issues or view specific issue
    star              - Star this repository
    discuss           - Open GitHub Discussions (post-specific in blog)

  System:
    help              - Show this message
    clear / cls       - Clear terminal screen
    exit / quit       - Return to homepage
─────────────────────────────────────────────────────────
Examples:
  $ cd blog
  $ ls
  $ cat my-first-post
  $ cd ..             # Go back to blog
  $ cd ../about       # From blog to about
  $ cd ../blog        # From about to blog
  $ cd ../../about    # From post to about
  $ grep "blazor"
  $ login github
  $ comment "Great article!"


Comment output: Error: Authentication required to post comments.
Type 'login github' to authenticate.

Current URL after login command: http://localhost:5050/login

Comments header: # Comments (0)
                    Use 'comment "your message"' to add a comment

Placeholder: Type "comment &amp;quot;your message&amp;quot;" or "help"...

whoami output: anonymous@guest (not authenticated)
Type 'login github' to authenticate

URL after 'cd ..': http://localhost:5050/

grep output: Found 2 match(es) for 'blazor':
─────────────────────────────────────────────────────────
cardmaker-stateless-business-cards.md: CardMaker - Generating Business Cards Without a Database
  Building a stateless business card generator with Excel import, PowerPoint export, and QR code vCards using Blazor Server.
  Tags: Blazor, OpenXML, QR Codes, C#

building-sheetlink-excel-processor.md: Building SheetLink - A Privacy-First Excel Link Processor
  How I built a stateless Excel link extractor with Blazor Server and OpenXML, processing everything in-memory without any database.
  Tags: Blazor, ASP.NET Core, OpenXML, Docker

Help text length: 1406

ls -al output: total 12
drwxr-xr-x  3 hyunjo dev 4096 Dec  3 09:00 .
drwxr-xr-x 18 root   root 4096 Dec  2 10:00 ..
drwxr-xr-x  2 hyunjo dev 4096 Dec  2 10:30 blog/
-rw-r--r--  1 hyunjo dev 1234 Dec  2 10:30 about.md
-rw-r--r--  1 hyunjo dev  567 Dec  2 10:30 README.md

ls output: total 3
drwxr-xr-x  2 hyunjo dev 4096 Dec  2 10:30 blog/
-rw-r--r--  1 hyunjo dev 1234 Dec  2 10:30 about.md
-rw-r--r--  1 hyunjo dev  567 Dec  2 10:30 README.md

pwd output: /about

NUnit Adapter 5.2.0.0: Test execution complete
</StdOut>
    </Output>
  </ResultSummary>
</TestRun>